[2024-02-13T08:09:57.506+0000] {taskinstance.py:1956} INFO - Dependencies all met for dep_context=non-requeueable deps ti=<TaskInstance: 1Training_DAG_V1.0.get_weather manual__2024-02-13T08:09:55.631436+00:00 [queued]>
[2024-02-13T08:09:57.518+0000] {taskinstance.py:1956} INFO - Dependencies all met for dep_context=requeueable deps ti=<TaskInstance: 1Training_DAG_V1.0.get_weather manual__2024-02-13T08:09:55.631436+00:00 [queued]>
[2024-02-13T08:09:57.518+0000] {taskinstance.py:2170} INFO - Starting attempt 1 of 1
[2024-02-13T08:09:57.537+0000] {taskinstance.py:2191} INFO - Executing <Task(PythonOperator): get_weather> on 2024-02-13 08:09:55.631436+00:00
[2024-02-13T08:09:57.543+0000] {standard_task_runner.py:60} INFO - Started process 1102 to run task
[2024-02-13T08:09:57.547+0000] {standard_task_runner.py:87} INFO - Running: ['***', 'tasks', 'run', '1Training_DAG_V1.0', 'get_weather', 'manual__2024-02-13T08:09:55.631436+00:00', '--job-id', '11147', '--raw', '--subdir', 'DAGS_FOLDER/traning_dag.py', '--cfg-path', '/tmp/tmpox3dlo1w']
[2024-02-13T08:09:57.548+0000] {standard_task_runner.py:88} INFO - Job 11147: Subtask get_weather
[2024-02-13T08:09:57.600+0000] {task_command.py:423} INFO - Running <TaskInstance: 1Training_DAG_V1.0.get_weather manual__2024-02-13T08:09:55.631436+00:00 [running]> on host 06573eafe810
[2024-02-13T08:09:57.692+0000] {taskinstance.py:2480} INFO - Exporting env vars: AIRFLOW_CTX_DAG_OWNER='***' AIRFLOW_CTX_DAG_ID='1Training_DAG_V1.0' AIRFLOW_CTX_TASK_ID='get_weather' AIRFLOW_CTX_EXECUTION_DATE='2024-02-13T08:09:55.631436+00:00' AIRFLOW_CTX_TRY_NUMBER='1' AIRFLOW_CTX_DAG_RUN_ID='manual__2024-02-13T08:09:55.631436+00:00'
[2024-02-13T08:09:57.695+0000] {logging_mixin.py:188} INFO - lower
[2024-02-13T08:09:57.695+0000] {logging_mixin.py:188} INFO - /opt/***/dags
[2024-02-13T08:09:57.696+0000] {logging_mixin.py:188} INFO - upper
[2024-02-13T08:09:57.703+0000] {taskinstance.py:2698} ERROR - Task failed with exception
Traceback (most recent call last):
  File "/home/airflow/.local/lib/python3.8/site-packages/pandas/core/indexes/base.py", line 3653, in get_loc
    return self._engine.get_loc(casted_key)
  File "pandas/_libs/index.pyx", line 147, in pandas._libs.index.IndexEngine.get_loc
  File "pandas/_libs/index.pyx", line 176, in pandas._libs.index.IndexEngine.get_loc
  File "pandas/_libs/hashtable_class_helper.pxi", line 7080, in pandas._libs.hashtable.PyObjectHashTable.get_item
  File "pandas/_libs/hashtable_class_helper.pxi", line 7088, in pandas._libs.hashtable.PyObjectHashTable.get_item
KeyError: 0

The above exception was the direct cause of the following exception:

Traceback (most recent call last):
  File "/home/airflow/.local/lib/python3.8/site-packages/airflow/models/taskinstance.py", line 433, in _execute_task
    result = execute_callable(context=context, **execute_callable_kwargs)
  File "/home/airflow/.local/lib/python3.8/site-packages/airflow/operators/python.py", line 199, in execute
    return_value = self.execute_callable()
  File "/home/airflow/.local/lib/python3.8/site-packages/airflow/operators/python.py", line 216, in execute_callable
    return self.python_callable(*self.op_args, **self.op_kwargs)
  File "/opt/airflow/dags/traning_dag.py", line 18, in get_weather
    print(csv_data[0])
  File "/home/airflow/.local/lib/python3.8/site-packages/pandas/core/frame.py", line 3761, in __getitem__
    indexer = self.columns.get_loc(key)
  File "/home/airflow/.local/lib/python3.8/site-packages/pandas/core/indexes/base.py", line 3655, in get_loc
    raise KeyError(key) from err
KeyError: 0
[2024-02-13T08:09:57.718+0000] {taskinstance.py:1138} INFO - Marking task as FAILED. dag_id=1Training_DAG_V1.0, task_id=get_weather, execution_date=20240213T080955, start_date=20240213T080957, end_date=20240213T080957
[2024-02-13T08:09:57.736+0000] {standard_task_runner.py:107} ERROR - Failed to execute job 11147 for task get_weather (0; 1102)
[2024-02-13T08:09:57.761+0000] {local_task_job_runner.py:234} INFO - Task exited with return code 1
[2024-02-13T08:09:57.787+0000] {taskinstance.py:3280} INFO - 0 downstream tasks scheduled from follow-on schedule check
