[2024-02-08T18:45:24.057+0000] {taskinstance.py:1956} INFO - Dependencies all met for dep_context=non-requeueable deps ti=<TaskInstance: Weather_DAG.get_weather scheduled__2024-02-08T18:43:00+00:00 [queued]>
[2024-02-08T18:45:24.066+0000] {taskinstance.py:1956} INFO - Dependencies all met for dep_context=requeueable deps ti=<TaskInstance: Weather_DAG.get_weather scheduled__2024-02-08T18:43:00+00:00 [queued]>
[2024-02-08T18:45:24.067+0000] {taskinstance.py:2170} INFO - Starting attempt 1 of 2
[2024-02-08T18:45:24.090+0000] {taskinstance.py:2191} INFO - Executing <Task(PythonOperator): get_weather> on 2024-02-08 18:43:00+00:00
[2024-02-08T18:45:24.095+0000] {standard_task_runner.py:60} INFO - Started process 10412 to run task
[2024-02-08T18:45:24.099+0000] {standard_task_runner.py:87} INFO - Running: ['***', 'tasks', 'run', 'Weather_DAG', 'get_weather', 'scheduled__2024-02-08T18:43:00+00:00', '--job-id', '1012', '--raw', '--subdir', 'DAGS_FOLDER/Weather_dag.py', '--cfg-path', '/tmp/tmp3kdzfzgj']
[2024-02-08T18:45:24.101+0000] {standard_task_runner.py:88} INFO - Job 1012: Subtask get_weather
[2024-02-08T18:45:24.164+0000] {task_command.py:423} INFO - Running <TaskInstance: Weather_DAG.get_weather scheduled__2024-02-08T18:43:00+00:00 [running]> on host 06573eafe810
[2024-02-08T18:45:24.263+0000] {taskinstance.py:2480} INFO - Exporting env vars: AIRFLOW_CTX_DAG_OWNER='***' AIRFLOW_CTX_DAG_ID='Weather_DAG' AIRFLOW_CTX_TASK_ID='get_weather' AIRFLOW_CTX_EXECUTION_DATE='2024-02-08T18:43:00+00:00' AIRFLOW_CTX_TRY_NUMBER='1' AIRFLOW_CTX_DAG_RUN_ID='scheduled__2024-02-08T18:43:00+00:00'
[2024-02-08T18:45:24.275+0000] {taskinstance.py:2698} ERROR - Task failed with exception
Traceback (most recent call last):
  File "/home/airflow/.local/lib/python3.8/site-packages/urllib3/connection.py", line 174, in _new_conn
    conn = connection.create_connection(
  File "/home/airflow/.local/lib/python3.8/site-packages/urllib3/util/connection.py", line 72, in create_connection
    for res in socket.getaddrinfo(host, port, family, socket.SOCK_STREAM):
  File "/usr/local/lib/python3.8/socket.py", line 918, in getaddrinfo
    for res in _socket.getaddrinfo(host, port, family, type, proto, flags):
socket.gaierror: [Errno -2] Name or service not known

During handling of the above exception, another exception occurred:

Traceback (most recent call last):
  File "/home/airflow/.local/lib/python3.8/site-packages/urllib3/connectionpool.py", line 715, in urlopen
    httplib_response = self._make_request(
  File "/home/airflow/.local/lib/python3.8/site-packages/urllib3/connectionpool.py", line 404, in _make_request
    self._validate_conn(conn)
  File "/home/airflow/.local/lib/python3.8/site-packages/urllib3/connectionpool.py", line 1058, in _validate_conn
    conn.connect()
  File "/home/airflow/.local/lib/python3.8/site-packages/urllib3/connection.py", line 363, in connect
    self.sock = conn = self._new_conn()
  File "/home/airflow/.local/lib/python3.8/site-packages/urllib3/connection.py", line 186, in _new_conn
    raise NewConnectionError(
urllib3.exceptions.NewConnectionError: <urllib3.connection.HTTPSConnection object at 0x7f09aae0beb0>: Failed to establish a new connection: [Errno -2] Name or service not known

During handling of the above exception, another exception occurred:

Traceback (most recent call last):
  File "/home/airflow/.local/lib/python3.8/site-packages/requests/adapters.py", line 486, in send
    resp = conn.urlopen(
  File "/home/airflow/.local/lib/python3.8/site-packages/urllib3/connectionpool.py", line 799, in urlopen
    retries = retries.increment(
  File "/home/airflow/.local/lib/python3.8/site-packages/urllib3/util/retry.py", line 592, in increment
    raise MaxRetryError(_pool, url, error or ResponseError(cause))
urllib3.exceptions.MaxRetryError: HTTPSConnectionPool(host='api.weather.yandex.ru', port=443): Max retries exceeded with url: /v2/forecast?lat=55.7522&lon=37.6155&lang=ru_RU&limit=7&hours=True&extra=True (Caused by NewConnectionError('<urllib3.connection.HTTPSConnection object at 0x7f09aae0beb0>: Failed to establish a new connection: [Errno -2] Name or service not known'))

During handling of the above exception, another exception occurred:

Traceback (most recent call last):
  File "/home/airflow/.local/lib/python3.8/site-packages/airflow/models/taskinstance.py", line 433, in _execute_task
    result = execute_callable(context=context, **execute_callable_kwargs)
  File "/home/airflow/.local/lib/python3.8/site-packages/airflow/operators/python.py", line 199, in execute
    return_value = self.execute_callable()
  File "/home/airflow/.local/lib/python3.8/site-packages/airflow/operators/python.py", line 216, in execute_callable
    return self.python_callable(*self.op_args, **self.op_kwargs)
  File "/opt/airflow/dags/Weather_dag.py", line 39, in get_weather
    response = req.get(URL, params=params, headers=headers)
  File "/home/airflow/.local/lib/python3.8/site-packages/requests/api.py", line 73, in get
    return request("get", url, params=params, **kwargs)
  File "/home/airflow/.local/lib/python3.8/site-packages/requests/api.py", line 59, in request
    return session.request(method=method, url=url, **kwargs)
  File "/home/airflow/.local/lib/python3.8/site-packages/requests/sessions.py", line 589, in request
    resp = self.send(prep, **send_kwargs)
  File "/home/airflow/.local/lib/python3.8/site-packages/requests/sessions.py", line 703, in send
    r = adapter.send(request, **kwargs)
  File "/home/airflow/.local/lib/python3.8/site-packages/requests/adapters.py", line 519, in send
    raise ConnectionError(e, request=request)
requests.exceptions.ConnectionError: HTTPSConnectionPool(host='api.weather.yandex.ru', port=443): Max retries exceeded with url: /v2/forecast?lat=55.7522&lon=37.6155&lang=ru_RU&limit=7&hours=True&extra=True (Caused by NewConnectionError('<urllib3.connection.HTTPSConnection object at 0x7f09aae0beb0>: Failed to establish a new connection: [Errno -2] Name or service not known'))
[2024-02-08T18:45:24.308+0000] {taskinstance.py:1138} INFO - Marking task as UP_FOR_RETRY. dag_id=Weather_DAG, task_id=get_weather, execution_date=20240208T184300, start_date=20240208T184524, end_date=20240208T184524
[2024-02-08T18:45:24.386+0000] {standard_task_runner.py:107} ERROR - Failed to execute job 1012 for task get_weather (HTTPSConnectionPool(host='api.weather.yandex.ru', port=443): Max retries exceeded with url: /v2/forecast?lat=55.7522&lon=37.6155&lang=ru_RU&limit=7&hours=True&extra=True (Caused by NewConnectionError('<urllib3.connection.HTTPSConnection object at 0x7f09aae0beb0>: Failed to establish a new connection: [Errno -2] Name or service not known')); 10412)
[2024-02-08T18:45:24.479+0000] {local_task_job_runner.py:234} INFO - Task exited with return code 1
[2024-02-08T18:45:24.556+0000] {taskinstance.py:3280} INFO - 0 downstream tasks scheduled from follow-on schedule check
