[2024-02-13T10:09:02.310+0000] {taskinstance.py:1956} INFO - Dependencies all met for dep_context=non-requeueable deps ti=<TaskInstance: 1Training_DAG_V1.0.data_to_db manual__2024-02-13T10:08:55.376841+00:00 [queued]>
[2024-02-13T10:09:02.320+0000] {taskinstance.py:1956} INFO - Dependencies all met for dep_context=requeueable deps ti=<TaskInstance: 1Training_DAG_V1.0.data_to_db manual__2024-02-13T10:08:55.376841+00:00 [queued]>
[2024-02-13T10:09:02.321+0000] {taskinstance.py:2170} INFO - Starting attempt 1 of 1
[2024-02-13T10:09:02.340+0000] {taskinstance.py:2191} INFO - Executing <Task(PythonOperator): data_to_db> on 2024-02-13 10:08:55.376841+00:00
[2024-02-13T10:09:02.347+0000] {standard_task_runner.py:60} INFO - Started process 2622 to run task
[2024-02-13T10:09:02.350+0000] {standard_task_runner.py:87} INFO - Running: ['***', 'tasks', 'run', '1Training_DAG_V1.0', 'data_to_db', 'manual__2024-02-13T10:08:55.376841+00:00', '--job-id', '11216', '--raw', '--subdir', 'DAGS_FOLDER/traning_dag.py', '--cfg-path', '/tmp/tmpjnmzs64i']
[2024-02-13T10:09:02.352+0000] {standard_task_runner.py:88} INFO - Job 11216: Subtask data_to_db
[2024-02-13T10:09:02.411+0000] {task_command.py:423} INFO - Running <TaskInstance: 1Training_DAG_V1.0.data_to_db manual__2024-02-13T10:08:55.376841+00:00 [running]> on host 06573eafe810
[2024-02-13T10:09:02.502+0000] {taskinstance.py:2480} INFO - Exporting env vars: AIRFLOW_CTX_DAG_OWNER='***' AIRFLOW_CTX_DAG_ID='1Training_DAG_V1.0' AIRFLOW_CTX_TASK_ID='data_to_db' AIRFLOW_CTX_EXECUTION_DATE='2024-02-13T10:08:55.376841+00:00' AIRFLOW_CTX_TRY_NUMBER='1' AIRFLOW_CTX_DAG_RUN_ID='manual__2024-02-13T10:08:55.376841+00:00'
[2024-02-13T10:09:02.504+0000] {taskinstance.py:2698} ERROR - Task failed with exception
Traceback (most recent call last):
  File "/home/airflow/.local/lib/python3.8/site-packages/pandas/core/indexes/range.py", line 345, in get_loc
    return self._range.index(new_key)
ValueError: 0 is not in range

The above exception was the direct cause of the following exception:

Traceback (most recent call last):
  File "/home/airflow/.local/lib/python3.8/site-packages/airflow/models/taskinstance.py", line 433, in _execute_task
    result = execute_callable(context=context, **execute_callable_kwargs)
  File "/home/airflow/.local/lib/python3.8/site-packages/airflow/operators/python.py", line 199, in execute
    return_value = self.execute_callable()
  File "/home/airflow/.local/lib/python3.8/site-packages/airflow/operators/python.py", line 216, in execute_callable
    return self.python_callable(*self.op_args, **self.op_kwargs)
  File "/opt/airflow/dags/traning_dag.py", line 22, in csv_db
    sql_script = "INSERT INTO Training VALUES (%s)" % (csv_data[0][0])
  File "/home/airflow/.local/lib/python3.8/site-packages/pandas/core/frame.py", line 3761, in __getitem__
    indexer = self.columns.get_loc(key)
  File "/home/airflow/.local/lib/python3.8/site-packages/pandas/core/indexes/range.py", line 347, in get_loc
    raise KeyError(key) from err
KeyError: 0
[2024-02-13T10:09:02.521+0000] {taskinstance.py:1138} INFO - Marking task as FAILED. dag_id=1Training_DAG_V1.0, task_id=data_to_db, execution_date=20240213T100855, start_date=20240213T100902, end_date=20240213T100902
[2024-02-13T10:09:02.539+0000] {standard_task_runner.py:107} ERROR - Failed to execute job 11216 for task data_to_db (0; 2622)
[2024-02-13T10:09:02.564+0000] {local_task_job_runner.py:234} INFO - Task exited with return code 1
[2024-02-13T10:09:02.589+0000] {taskinstance.py:3280} INFO - 0 downstream tasks scheduled from follow-on schedule check
